Token: AUTHOR - value :  Ed Parrish - lineno : 5 - coleno : 4
Token: IDENTIFICATOR - value : include - lineno : 9 - coleno : 1
Token: < - value : null - lineno : 9 - coleno : 9
Token: IDENTIFICATOR - value : iostream - lineno : 9 - coleno : 10
Token: > - value : null - lineno : 9 - coleno : 18
Token: IDENTIFICATOR - value : include - lineno : 11 - coleno : 1
Token: < - value : null - lineno : 11 - coleno : 9
Token: IDENTIFICATOR - value : cmath - lineno : 11 - coleno : 10
Token: > - value : null - lineno : 11 - coleno : 15
Token: USING - value : null - lineno : 12 - coleno : 0
Token: NAMESPACE - value : null - lineno : 12 - coleno : 6
Token: IDENTIFICATOR - value : std - lineno : 12 - coleno : 16
Token: SEPARATOR - value : ; - lineno : 12 - coleno : 19
Token: CONST - value : null - lineno : 14 - coleno : 0
Token: DOUBLE - value : null - lineno : 14 - coleno : 6
Token: IDENTIFICATOR - value : PI - lineno : 14 - coleno : 13
Token: = - value : null - lineno : 14 - coleno : 16
Token: SEPARATOR - value : . - lineno : 14 - coleno : 19
Token: SEPARATOR - value : ; - lineno : 14 - coleno : 25
Token: DOUBLE - value : null - lineno : 22 - coleno : 0
Token: IDENTIFICATOR - value : area - lineno : 22 - coleno : 7
Token: SEPARATOR - value : ( - lineno : 22 - coleno : 11
Token: DOUBLE - value : null - lineno : 22 - coleno : 12
Token: IDENTIFICATOR - value : radius - lineno : 22 - coleno : 19
Token: SEPARATOR - value : ) - lineno : 22 - coleno : 25
Token: SEPARATOR - value : ; - lineno : 22 - coleno : 26
Token: DOUBLE - value : null - lineno : 30 - coleno : 0
Token: IDENTIFICATOR - value : volume - lineno : 30 - coleno : 7
Token: SEPARATOR - value : ( - lineno : 30 - coleno : 13
Token: DOUBLE - value : null - lineno : 30 - coleno : 14
Token: IDENTIFICATOR - value : radius - lineno : 30 - coleno : 21
Token: SEPARATOR - value : ) - lineno : 30 - coleno : 27
Token: SEPARATOR - value : ; - lineno : 30 - coleno : 28
Token: INT - value : null - lineno : 33 - coleno : 0
Token: IDENTIFICATOR - value : main - lineno : 33 - coleno : 4
Token: SEPARATOR - value : ( - lineno : 33 - coleno : 8
Token: VOID - value : null - lineno : 33 - coleno : 9
Token: SEPARATOR - value : ) - lineno : 33 - coleno : 13
Token: SEPARATOR - value : { - lineno : 33 - coleno : 15
Token: DOUBLE - value : null - lineno : 34 - coleno : 4
Token: IDENTIFICATOR - value : radius_of_both - lineno : 34 - coleno : 11
Token: SEPARATOR - value : , - lineno : 34 - coleno : 25
Token: IDENTIFICATOR - value : area_of_circle - lineno : 34 - coleno : 27
Token: SEPARATOR - value : , - lineno : 34 - coleno : 41
Token: IDENTIFICATOR - value : volume_of_sphere - lineno : 34 - coleno : 43
Token: SEPARATOR - value : ; - lineno : 34 - coleno : 59
Token: IDENTIFICATOR - value : cout - lineno : 36 - coleno : 4
Token: << - value : null - lineno : 36 - coleno : 9
Token: STRING - value : "Enter a radius to use for both a circle\n" - lineno : 36 - coleno : 12
Token: << - value : null - lineno : 37 - coleno : 12
Token: STRING - value : "and a sphere (in inches): " - lineno : 37 - coleno : 15
Token: SEPARATOR - value : ; - lineno : 37 - coleno : 43
Token: IDENTIFICATOR - value : cin - lineno : 38 - coleno : 4
Token: >> - value : null - lineno : 38 - coleno : 8
Token: IDENTIFICATOR - value : radius_of_both - lineno : 38 - coleno : 11
Token: SEPARATOR - value : ; - lineno : 38 - coleno : 25
Token: IDENTIFICATOR - value : area_of_circle - lineno : 40 - coleno : 4
Token: = - value : null - lineno : 40 - coleno : 19
Token: IDENTIFICATOR - value : area - lineno : 40 - coleno : 21
Token: SEPARATOR - value : ( - lineno : 40 - coleno : 25
Token: IDENTIFICATOR - value : radius_of_both - lineno : 40 - coleno : 26
Token: SEPARATOR - value : ) - lineno : 40 - coleno : 40
Token: SEPARATOR - value : ; - lineno : 40 - coleno : 41
Token: IDENTIFICATOR - value : volume_of_sphere - lineno : 41 - coleno : 4
Token: = - value : null - lineno : 41 - coleno : 21
Token: IDENTIFICATOR - value : volume - lineno : 41 - coleno : 23
Token: SEPARATOR - value : ( - lineno : 41 - coleno : 29
Token: IDENTIFICATOR - value : radius_of_both - lineno : 41 - coleno : 30
Token: SEPARATOR - value : ) - lineno : 41 - coleno : 44
Token: SEPARATOR - value : ; - lineno : 41 - coleno : 45
Token: IDENTIFICATOR - value : cout - lineno : 43 - coleno : 4
Token: << - value : null - lineno : 43 - coleno : 9
Token: STRING - value : "Radius = " - lineno : 43 - coleno : 12
Token: << - value : null - lineno : 43 - coleno : 24
Token: IDENTIFICATOR - value : radius_of_both - lineno : 43 - coleno : 27
Token: << - value : null - lineno : 43 - coleno : 42
Token: STRING - value : " inches\n" - lineno : 43 - coleno : 45
Token: << - value : null - lineno : 44 - coleno : 12
Token: STRING - value : "Area of circle = " - lineno : 44 - coleno : 15
Token: << - value : null - lineno : 44 - coleno : 35
Token: IDENTIFICATOR - value : area_of_circle - lineno : 44 - coleno : 38
Token: << - value : null - lineno : 45 - coleno : 12
Token: STRING - value : " square inches\n" - lineno : 45 - coleno : 15
Token: << - value : null - lineno : 46 - coleno : 12
Token: STRING - value : "Volume of sphere = " - lineno : 46 - coleno : 15
Token: << - value : null - lineno : 46 - coleno : 37
Token: IDENTIFICATOR - value : volume_of_sphere - lineno : 46 - coleno : 40
Token: << - value : null - lineno : 47 - coleno : 12
Token: STRING - value : " cubic inches\n" - lineno : 47 - coleno : 15
Token: SEPARATOR - value : ; - lineno : 47 - coleno : 32
Token: RETURN - value : null - lineno : 49 - coleno : 4
Token: SEPARATOR - value : ; - lineno : 49 - coleno : 12
Token: SEPARATOR - value : } - lineno : 50 - coleno : 0
Token: DOUBLE - value : null - lineno : 53 - coleno : 0
Token: IDENTIFICATOR - value : area - lineno : 53 - coleno : 7
Token: SEPARATOR - value : ( - lineno : 53 - coleno : 11
Token: DOUBLE - value : null - lineno : 53 - coleno : 12
Token: IDENTIFICATOR - value : radius - lineno : 53 - coleno : 19
Token: SEPARATOR - value : ) - lineno : 53 - coleno : 25
Token: SEPARATOR - value : { - lineno : 53 - coleno : 27
Token: RETURN - value : null - lineno : 54 - coleno : 4
Token: SEPARATOR - value : ( - lineno : 54 - coleno : 11
Token: IDENTIFICATOR - value : PI - lineno : 54 - coleno : 12
Token: * - value : null - lineno : 54 - coleno : 15
Token: IDENTIFICATOR - value : pow - lineno : 54 - coleno : 17
Token: SEPARATOR - value : ( - lineno : 54 - coleno : 20
Token: IDENTIFICATOR - value : radius - lineno : 54 - coleno : 21
Token: SEPARATOR - value : , - lineno : 54 - coleno : 27
Token: SEPARATOR - value : ) - lineno : 54 - coleno : 30
Token: SEPARATOR - value : ) - lineno : 54 - coleno : 31
Token: SEPARATOR - value : ; - lineno : 54 - coleno : 32
Token: SEPARATOR - value : } - lineno : 55 - coleno : 0
Token: DOUBLE - value : null - lineno : 58 - coleno : 0
Token: IDENTIFICATOR - value : volume - lineno : 58 - coleno : 7
Token: SEPARATOR - value : ( - lineno : 58 - coleno : 13
Token: DOUBLE - value : null - lineno : 58 - coleno : 14
Token: IDENTIFICATOR - value : radius - lineno : 58 - coleno : 21
Token: SEPARATOR - value : ) - lineno : 58 - coleno : 27
Token: SEPARATOR - value : { - lineno : 58 - coleno : 29
Token: RETURN - value : null - lineno : 59 - coleno : 4
Token: SEPARATOR - value : ( - lineno : 59 - coleno : 11
Token: SEPARATOR - value : ( - lineno : 59 - coleno : 12
Token: SEPARATOR - value : . - lineno : 59 - coleno : 14
Token: / - value : null - lineno : 59 - coleno : 17
Token: SEPARATOR - value : . - lineno : 59 - coleno : 20
Token: SEPARATOR - value : ) - lineno : 59 - coleno : 22
Token: * - value : null - lineno : 59 - coleno : 24
Token: IDENTIFICATOR - value : PI - lineno : 59 - coleno : 26
Token: * - value : null - lineno : 59 - coleno : 29
Token: IDENTIFICATOR - value : pow - lineno : 59 - coleno : 31
Token: SEPARATOR - value : ( - lineno : 59 - coleno : 34
Token: IDENTIFICATOR - value : radius - lineno : 59 - coleno : 35
Token: SEPARATOR - value : , - lineno : 59 - coleno : 41
Token: SEPARATOR - value : ) - lineno : 59 - coleno : 44
Token: SEPARATOR - value : ) - lineno : 59 - coleno : 45
Token: SEPARATOR - value : ; - lineno : 59 - coleno : 46
Token: SEPARATOR - value : } - lineno : 60 - coleno : 0
Token: VOID - value : null - lineno : 62 - coleno : 0
Token: IDENTIFICATOR - value : foo - lineno : 62 - coleno : 5
Token: SEPARATOR - value : ( - lineno : 62 - coleno : 8
Token: INT - value : null - lineno : 62 - coleno : 9
Token: IDENTIFICATOR - value : a - lineno : 62 - coleno : 13
Token: SEPARATOR - value : , - lineno : 62 - coleno : 14
Token: INT - value : null - lineno : 62 - coleno : 16
Token: IDENTIFICATOR - value : b - lineno : 62 - coleno : 20
Token: SEPARATOR - value : ) - lineno : 62 - coleno : 21
Token: SEPARATOR - value : { - lineno : 62 - coleno : 23
Token: IF - value : null - lineno : 63 - coleno : 4
Token: SEPARATOR - value : ( - lineno : 63 - coleno : 7
Token: IDENTIFICATOR - value : a - lineno : 63 - coleno : 8
Token: == - value : null - lineno : 63 - coleno : 10
Token: IDENTIFICATOR - value : b - lineno : 63 - coleno : 13
Token: SEPARATOR - value : ) - lineno : 63 - coleno : 14
Token: IDENTIFICATOR - value : cout - lineno : 64 - coleno : 8
Token: << - value : null - lineno : 64 - coleno : 13
Token: STRING - value : "if" - lineno : 64 - coleno : 16
Token: << - value : null - lineno : 64 - coleno : 21
Token: IDENTIFICATOR - value : endl - lineno : 64 - coleno : 24
Token: SEPARATOR - value : ; - lineno : 64 - coleno : 28
Token: ELSEIF - value : null - lineno : 65 - coleno : 4
Token: SEPARATOR - value : ( - lineno : 65 - coleno : 11
Token: IDENTIFICATOR - value : a - lineno : 65 - coleno : 12
Token: == - value : null - lineno : 65 - coleno : 14
Token: * - value : null - lineno : 65 - coleno : 18
Token: IDENTIFICATOR - value : b - lineno : 65 - coleno : 19
Token: SEPARATOR - value : ) - lineno : 65 - coleno : 20
Token: IDENTIFICATOR - value : cout - lineno : 66 - coleno : 8
Token: << - value : null - lineno : 66 - coleno : 13
Token: STRING - value : "elseif" - lineno : 66 - coleno : 16
Token: << - value : null - lineno : 66 - coleno : 25
Token: IDENTIFICATOR - value : endl - lineno : 66 - coleno : 28
Token: SEPARATOR - value : ; - lineno : 66 - coleno : 32
Token: ELSE - value : null - lineno : 67 - coleno : 4
Token: IDENTIFICATOR - value : cout - lineno : 68 - coleno : 8
Token: << - value : null - lineno : 68 - coleno : 13
Token: STRING - value : "else" - lineno : 68 - coleno : 16
Token: << - value : null - lineno : 68 - coleno : 23
Token: IDENTIFICATOR - value : endl - lineno : 68 - coleno : 26
Token: SEPARATOR - value : ; - lineno : 68 - coleno : 30
Token: SEPARATOR - value : } - lineno : 69 - coleno : 0
